<?xml version="1.0" encoding="UTF-8"?>
<testng-results ignored="0" total="3" passed="3" failed="0" skipped="0">
  <reporter-output>
  </reporter-output>
  <suite started-at="2025-06-30T15:08:36 IST" name="Default suite" finished-at="2025-06-30T15:08:36 IST" duration-ms="76">
    <groups>
    </groups>
    <test started-at="2025-06-30T15:08:36 IST" name="Default test" finished-at="2025-06-30T15:08:36 IST" duration-ms="76">
      <class name="practice.tstNG.SampleTestUsingPriority">
        <test-method signature="CreateContactTest()[pri:1, instance:practice.tstNG.SampleTestUsingPriority@3590fc5b]" started-at="2025-06-30T15:08:36 IST" name="CreateContactTest" finished-at="2025-06-30T15:08:36 IST" duration-ms="8" status="PASS">
          <reporter-output>
          </reporter-output>
        </test-method> <!-- CreateContactTest -->
        <test-method signature="EditContactTest()[pri:2, instance:practice.tstNG.SampleTestUsingPriority@3590fc5b]" started-at="2025-06-30T15:08:36 IST" name="EditContactTest" finished-at="2025-06-30T15:08:36 IST" duration-ms="1" status="PASS">
          <reporter-output>
          </reporter-output>
        </test-method> <!-- EditContactTest -->
        <test-method signature="DeleteContactTest()[pri:3, instance:practice.tstNG.SampleTestUsingPriority@3590fc5b]" started-at="2025-06-30T15:08:36 IST" name="DeleteContactTest" finished-at="2025-06-30T15:08:36 IST" duration-ms="1" status="PASS">
          <reporter-output>
          </reporter-output>
        </test-method> <!-- DeleteContactTest -->
      </class> <!-- practice.tstNG.SampleTestUsingPriority -->
    </test> <!-- Default test -->
  </suite> <!-- Default suite -->
</testng-results>
