<?xml version="1.0" encoding="UTF-8"?>
<!-- Generated by org.testng.reporters.JUnitXMLReporter -->
<testsuite ignored="6" hostname="DESKTOP-JVCVDMO" failures="0" tests="10" name="Test" time="157.283" errors="0" timestamp="2025-07-16T13:20:09 IST">
  <testcase classname="com.crm.comcast.orgTest.CreateOrgTest" name="createOrganizationTest" time="44.027"/>
  <testcase classname="com.crm.comcast.orgTest.CreateOrgTest" name="createOrganizationWithIndustry" time="7.319"/>
  <testcase classname="com.crm.comcast.orgTest.CreateOrgTest" name="createOrganizationWithPhoneNumber" time="5.377"/>
  <testcase classname="com.crm.comcast.productTest.CreateProductTest" name="createProductTest" time="5.731"/>
  <testcase classname="com.crm.comcast.productTest.CreateProductTest" name="createProductWithCategoryAndManufTest" time="7.37"/>
  <testcase classname="com.crm.comcast.productTest.CreateProductTest" name="createProductWithCategoryTest" time="4.659"/>
  <testcase classname="com.crm.comcast.contactTest.CreateContactPageTest" name="createContactTest" time="7.85"/>
  <testcase classname="com.crm.comcast.contactTest.CreateContactPageTest" name="createContactWithOrgTest" time="20.284"/>
  <testcase classname="com.crm.comcast.contactTest.CreateContactPageTest" name="createContactWithSupportDateTest" time="5.64"/>
  <testcase classname="com.crm.comcast.leadTest.CreateLeadTest" name="createLeadTest" time="5.355"/>
  <testcase classname="com.crm.generic.baseUtility.BaseClass" name="@BeforeSuite configBeforeSuite" time="0.0">
    <ignored/>
  </testcase> <!-- @BeforeSuite configBeforeSuite -->
  <testcase classname="com.crm.generic.baseUtility.BaseClass" name="@BeforeSuite configBeforeSuite" time="0.0">
    <ignored/>
  </testcase> <!-- @BeforeSuite configBeforeSuite -->
  <testcase classname="com.crm.generic.baseUtility.BaseClass" name="@BeforeSuite configBeforeSuite" time="0.0">
    <ignored/>
  </testcase> <!-- @BeforeSuite configBeforeSuite -->
  <testcase classname="com.crm.generic.baseUtility.BaseClass" name="@AfterSuite configAfterSuite" time="0.0">
    <ignored/>
  </testcase> <!-- @AfterSuite configAfterSuite -->
  <testcase classname="com.crm.generic.baseUtility.BaseClass" name="@AfterSuite configAfterSuite" time="0.0">
    <ignored/>
  </testcase> <!-- @AfterSuite configAfterSuite -->
  <testcase classname="com.crm.generic.baseUtility.BaseClass" name="@AfterSuite configAfterSuite" time="0.0">
    <ignored/>
  </testcase> <!-- @AfterSuite configAfterSuite -->
</testsuite> <!-- Test -->
