<?xml version="1.0" encoding="UTF-8"?>
<!-- Generated by org.testng.reporters.JUnitXMLReporter -->
<testsuite ignored="6" hostname="DESKTOP-JVCVDMO" failures="0" tests="10" name="Test" time="115.488" errors="0" timestamp="2025-07-02T16:22:40 IST">
  <testcase classname="com.crm.comcast.orgTest.CreateOrgTest" name="createOrganizationTest" time="6.06"/>
  <testcase classname="com.crm.comcast.orgTest.CreateOrgTest" name="createOrganizationWithIndustry" time="7.127"/>
  <testcase classname="com.crm.comcast.orgTest.CreateOrgTest" name="createOrganizationWithPhoneNumber" time="5.395"/>
  <testcase classname="com.crm.comcast.productTest.CreateProductTest" name="createProductTest" time="4.557"/>
  <testcase classname="com.crm.comcast.productTest.CreateProductTest" name="createProductWithCategoryAndManufTest" time="8.637"/>
  <testcase classname="com.crm.comcast.productTest.CreateProductTest" name="createProductWithCategoryTest" time="4.821"/>
  <testcase classname="com.crm.comcast.contactTest.CreateContactPageTest" name="createContactTest" time="7.072"/>
  <testcase classname="com.crm.comcast.contactTest.CreateContactPageTest" name="createContactWithOrgTest" time="20.994"/>
  <testcase classname="com.crm.comcast.contactTest.CreateContactPageTest" name="createContactWithSupportDateTest" time="5.324"/>
  <testcase classname="com.crm.comcast.leadTest.CreateLeadTest" name="createLeadTest" time="5.037"/>
  <testcase classname="com.crm.generic.baseUtility.BaseClass" name="@AfterSuite configAfterSuite" time="0.0">
    <ignored/>
  </testcase> <!-- @AfterSuite configAfterSuite -->
  <testcase classname="com.crm.generic.baseUtility.BaseClass" name="@AfterSuite configAfterSuite" time="0.0">
    <ignored/>
  </testcase> <!-- @AfterSuite configAfterSuite -->
  <testcase classname="com.crm.generic.baseUtility.BaseClass" name="@AfterSuite configAfterSuite" time="0.0">
    <ignored/>
  </testcase> <!-- @AfterSuite configAfterSuite -->
  <testcase classname="com.crm.generic.baseUtility.BaseClass" name="@BeforeSuite configBeforeSuite" time="0.0">
    <ignored/>
  </testcase> <!-- @BeforeSuite configBeforeSuite -->
  <testcase classname="com.crm.generic.baseUtility.BaseClass" name="@BeforeSuite configBeforeSuite" time="0.0">
    <ignored/>
  </testcase> <!-- @BeforeSuite configBeforeSuite -->
  <testcase classname="com.crm.generic.baseUtility.BaseClass" name="@BeforeSuite configBeforeSuite" time="0.0">
    <ignored/>
  </testcase> <!-- @BeforeSuite configBeforeSuite -->
</testsuite> <!-- Test -->
