<?xml version="1.0" encoding="UTF-8"?>
<!-- Generated by org.testng.reporters.JUnitXMLReporter -->
<testsuite ignored="0" hostname="DESKTOP-JVCVDMO" failures="0" tests="3" name="Test1" time="43.831" errors="0" timestamp="2025-07-02T15:24:38 IST">
  <testcase classname="com.crm.comcast.contactTest.CreateContactPageTest" name="createContactTest" time="7.372"/>
  <testcase classname="com.crm.comcast.contactTest.CreateContactPageTest" name="createContactWithOrgTest" time="17.465"/>
  <testcase classname="com.crm.comcast.contactTest.CreateContactPageTest" name="createContactWithSupportDateTest" time="5.341"/>
</testsuite> <!-- Test1 -->
