<?xml version="1.0" encoding="UTF-8"?>
<!-- Generated by org.testng.reporters.JUnitXMLReporter -->
<testsuite ignored="6" hostname="DESKTOP-JVCVDMO" failures="0" tests="10" name="Test2" time="213.057" errors="0" timestamp="2025-07-02T15:44:06 IST">
  <testcase classname="com.crm.comcast.orgTest.CreateOrgTest" name="createOrganizationTest" time="5.477"/>
  <testcase classname="com.crm.comcast.orgTest.CreateOrgTest" name="createOrganizationWithIndustry" time="6.017"/>
  <testcase classname="com.crm.comcast.orgTest.CreateOrgTest" name="createOrganizationWithPhoneNumber" time="0.0">
    <skipped/>
  </testcase> <!-- createOrganizationWithPhoneNumber -->
  <testcase classname="com.crm.comcast.productTest.CreateProductTest" name="createProductTest" time="16.609"/>
  <testcase classname="com.crm.comcast.productTest.CreateProductTest" name="createProductWithCategoryAndManufTest" time="7.023"/>
  <testcase classname="com.crm.comcast.productTest.CreateProductTest" name="createProductWithCategoryTest" time="0.0">
    <skipped/>
  </testcase> <!-- createProductWithCategoryTest -->
  <testcase classname="com.crm.comcast.contactTest.CreateContactPageTest" name="createContactTest" time="7.38"/>
  <testcase classname="com.crm.comcast.contactTest.CreateContactPageTest" name="createContactWithOrgTest" time="19.58"/>
  <testcase classname="com.crm.comcast.contactTest.CreateContactPageTest" name="createContactWithSupportDateTest" time="0.0">
    <skipped/>
  </testcase> <!-- createContactWithSupportDateTest -->
  <testcase classname="com.crm.comcast.leadTest.CreateLeadTest" name="createLeadTest" time="7.685"/>
  <testcase classname="com.crm.generic.baseUtility.BaseClass" name="@AfterSuite configAfterSuite" time="0.0">
    <ignored/>
  </testcase> <!-- @AfterSuite configAfterSuite -->
  <testcase classname="com.crm.generic.baseUtility.BaseClass" name="@BeforeSuite configBeforeSuite" time="0.0">
    <ignored/>
  </testcase> <!-- @BeforeSuite configBeforeSuite -->
  <testcase classname="com.crm.generic.baseUtility.BaseClass" name="@AfterSuite configAfterSuite" time="0.0">
    <ignored/>
  </testcase> <!-- @AfterSuite configAfterSuite -->
  <testcase classname="com.crm.generic.baseUtility.BaseClass" name="@AfterSuite configAfterSuite" time="0.0">
    <ignored/>
  </testcase> <!-- @AfterSuite configAfterSuite -->
  <testcase classname="com.crm.generic.baseUtility.BaseClass" name="@BeforeSuite configBeforeSuite" time="0.0">
    <ignored/>
  </testcase> <!-- @BeforeSuite configBeforeSuite -->
  <testcase classname="com.crm.generic.baseUtility.BaseClass" name="@BeforeSuite configBeforeSuite" time="0.0">
    <ignored/>
  </testcase> <!-- @BeforeSuite configBeforeSuite -->
</testsuite> <!-- Test2 -->
