<?xml version="1.0" encoding="UTF-8"?>
<testng-results ignored="0" total="1" passed="1" failed="0" skipped="0">
  <reporter-output>
  </reporter-output>
  <suite started-at="2025-06-17T15:15:38 IST" name="Surefire suite" finished-at="2025-06-17T15:15:46 IST" duration-ms="8295">
    <groups>
    </groups>
    <test started-at="2025-06-17T15:15:38 IST" name="Surefire test" finished-at="2025-06-17T15:15:46 IST" duration-ms="8295">
      <class name="datadriventesting.SeleniumTestReadDataFromRunTime">
        <test-method signature="createOrgTest()[pri:0, instance:datadriventesting.SeleniumTestReadDataFromRunTime@4313f5bc]" started-at="2025-06-17T15:15:38 IST" name="createOrgTest" finished-at="2025-06-17T15:15:46 IST" duration-ms="8261" status="PASS">
          <reporter-output>
          </reporter-output>
        </test-method> <!-- createOrgTest -->
      </class> <!-- datadriventesting.SeleniumTestReadDataFromRunTime -->
    </test> <!-- Surefire test -->
  </suite> <!-- Surefire suite -->
</testng-results>
