<?xml version="1.0" encoding="UTF-8"?>
<testng-results ignored="0" total="10" passed="10" failed="0" skipped="0">
  <reporter-output>
  </reporter-output>
  <suite started-at="2025-07-02T16:20:44 IST" name="Suite" finished-at="2025-07-02T16:22:40 IST" duration-ms="115488">
    <groups>
      <group name="Regression">
        <method signature="CreateContactPageTest.createContactWithOrgTest()[pri:0, instance:com.crm.comcast.contactTest.CreateContactPageTest@24269709]" name="createContactWithOrgTest" class="com.crm.comcast.contactTest.CreateContactPageTest"/>
      </group> <!-- Regression -->
      <group name="RegressionTest">
        <method signature="CreateContactPageTest.createContactWithSupportDateTest()[pri:0, instance:com.crm.comcast.contactTest.CreateContactPageTest@24269709]" name="createContactWithSupportDateTest" class="com.crm.comcast.contactTest.CreateContactPageTest"/>
        <method signature="CreateOrgTest.createOrganizationWithIndustry()[pri:0, instance:com.crm.comcast.orgTest.CreateOrgTest@ba2f4ec]" name="createOrganizationWithIndustry" class="com.crm.comcast.orgTest.CreateOrgTest"/>
        <method signature="CreateOrgTest.createOrganizationWithPhoneNumber()[pri:0, instance:com.crm.comcast.orgTest.CreateOrgTest@ba2f4ec]" name="createOrganizationWithPhoneNumber" class="com.crm.comcast.orgTest.CreateOrgTest"/>
        <method signature="CreateProductTest.createProductWithCategoryAndManufTest()[pri:0, instance:com.crm.comcast.productTest.CreateProductTest@7a8c8dcf]" name="createProductWithCategoryAndManufTest" class="com.crm.comcast.productTest.CreateProductTest"/>
        <method signature="CreateProductTest.createProductWithCategoryTest()[pri:0, instance:com.crm.comcast.productTest.CreateProductTest@7a8c8dcf]" name="createProductWithCategoryTest" class="com.crm.comcast.productTest.CreateProductTest"/>
      </group> <!-- RegressionTest -->
      <group name="smokeTest">
        <method signature="CreateContactPageTest.createContactTest()[pri:0, instance:com.crm.comcast.contactTest.CreateContactPageTest@24269709]" name="createContactTest" class="com.crm.comcast.contactTest.CreateContactPageTest"/>
        <method signature="CreateLeadTest.createLeadTest()[pri:0, instance:com.crm.comcast.leadTest.CreateLeadTest@2aceadd4]" name="createLeadTest" class="com.crm.comcast.leadTest.CreateLeadTest"/>
        <method signature="CreateOrgTest.createOrganizationTest()[pri:0, instance:com.crm.comcast.orgTest.CreateOrgTest@ba2f4ec]" name="createOrganizationTest" class="com.crm.comcast.orgTest.CreateOrgTest"/>
        <method signature="CreateProductTest.createProductTest()[pri:0, instance:com.crm.comcast.productTest.CreateProductTest@7a8c8dcf]" name="createProductTest" class="com.crm.comcast.productTest.CreateProductTest"/>
        <method signature="CreateProductTest.createProductWithCategoryAndManufTest()[pri:0, instance:com.crm.comcast.productTest.CreateProductTest@7a8c8dcf]" name="createProductWithCategoryAndManufTest" class="com.crm.comcast.productTest.CreateProductTest"/>
        <method signature="CreateProductTest.createProductWithCategoryTest()[pri:0, instance:com.crm.comcast.productTest.CreateProductTest@7a8c8dcf]" name="createProductWithCategoryTest" class="com.crm.comcast.productTest.CreateProductTest"/>
      </group> <!-- smokeTest -->
    </groups>
    <test started-at="2025-07-02T16:20:44 IST" name="Test" finished-at="2025-07-02T16:22:40 IST" duration-ms="115488">
      <class name="com.crm.comcast.leadTest.CreateLeadTest">
        <test-method is-config="true" signature="configBeforeClass()[pri:0, instance:com.crm.comcast.leadTest.CreateLeadTest@2aceadd4]" started-at="2025-07-02T16:22:29 IST" name="configBeforeClass" finished-at="2025-07-02T16:22:30 IST" duration-ms="1298" status="PASS">
          <reporter-output>
          </reporter-output>
        </test-method> <!-- configBeforeClass -->
        <test-method is-config="true" signature="configBeforeMethod()[pri:0, instance:com.crm.comcast.leadTest.CreateLeadTest@2aceadd4]" started-at="2025-07-02T16:22:30 IST" name="configBeforeMethod" finished-at="2025-07-02T16:22:34 IST" duration-ms="3803" status="PASS">
          <reporter-output>
          </reporter-output>
        </test-method> <!-- configBeforeMethod -->
        <test-method signature="createLeadTest()[pri:0, instance:com.crm.comcast.leadTest.CreateLeadTest@2aceadd4]" started-at="2025-07-02T16:22:34 IST" name="createLeadTest" finished-at="2025-07-02T16:22:39 IST" duration-ms="5037" status="PASS">
          <reporter-output>
          </reporter-output>
        </test-method> <!-- createLeadTest -->
        <test-method is-config="true" signature="configAfterMethod()[pri:0, instance:com.crm.comcast.leadTest.CreateLeadTest@2aceadd4]" started-at="2025-07-02T16:22:39 IST" name="configAfterMethod" finished-at="2025-07-02T16:22:40 IST" duration-ms="880" status="PASS">
          <reporter-output>
          </reporter-output>
        </test-method> <!-- configAfterMethod -->
        <test-method is-config="true" signature="configAfterClass()[pri:0, instance:com.crm.comcast.leadTest.CreateLeadTest@2aceadd4]" started-at="2025-07-02T16:22:40 IST" name="configAfterClass" finished-at="2025-07-02T16:22:40 IST" duration-ms="242" status="PASS">
          <reporter-output>
          </reporter-output>
        </test-method> <!-- configAfterClass -->
      </class> <!-- com.crm.comcast.leadTest.CreateLeadTest -->
      <class name="com.crm.comcast.productTest.CreateProductTest">
        <test-method is-config="true" signature="configBeforeClass()[pri:0, instance:com.crm.comcast.productTest.CreateProductTest@7a8c8dcf]" started-at="2025-07-02T16:21:15 IST" name="configBeforeClass" finished-at="2025-07-02T16:21:17 IST" duration-ms="1794" status="PASS">
          <reporter-output>
          </reporter-output>
        </test-method> <!-- configBeforeClass -->
        <test-method is-config="true" signature="configBeforeMethod()[pri:0, instance:com.crm.comcast.productTest.CreateProductTest@7a8c8dcf]" started-at="2025-07-02T16:21:17 IST" name="configBeforeMethod" finished-at="2025-07-02T16:21:20 IST" duration-ms="3457" status="PASS">
          <reporter-output>
          </reporter-output>
        </test-method> <!-- configBeforeMethod -->
        <test-method signature="createProductTest()[pri:0, instance:com.crm.comcast.productTest.CreateProductTest@7a8c8dcf]" started-at="2025-07-02T16:21:20 IST" name="createProductTest" finished-at="2025-07-02T16:21:25 IST" duration-ms="4557" status="PASS">
          <reporter-output>
          </reporter-output>
        </test-method> <!-- createProductTest -->
        <test-method is-config="true" signature="configAfterMethod()[pri:0, instance:com.crm.comcast.productTest.CreateProductTest@7a8c8dcf]" started-at="2025-07-02T16:21:25 IST" name="configAfterMethod" finished-at="2025-07-02T16:21:26 IST" duration-ms="989" status="PASS">
          <reporter-output>
          </reporter-output>
        </test-method> <!-- configAfterMethod -->
        <test-method is-config="true" signature="configBeforeMethod()[pri:0, instance:com.crm.comcast.productTest.CreateProductTest@7a8c8dcf]" started-at="2025-07-02T16:21:26 IST" name="configBeforeMethod" finished-at="2025-07-02T16:21:27 IST" duration-ms="894" status="PASS">
          <reporter-output>
          </reporter-output>
        </test-method> <!-- configBeforeMethod -->
        <test-method signature="createProductWithCategoryAndManufTest()[pri:0, instance:com.crm.comcast.productTest.CreateProductTest@7a8c8dcf]" started-at="2025-07-02T16:21:27 IST" name="createProductWithCategoryAndManufTest" finished-at="2025-07-02T16:21:35 IST" duration-ms="8637" status="PASS">
          <reporter-output>
          </reporter-output>
        </test-method> <!-- createProductWithCategoryAndManufTest -->
        <test-method is-config="true" signature="configAfterMethod()[pri:0, instance:com.crm.comcast.productTest.CreateProductTest@7a8c8dcf]" started-at="2025-07-02T16:21:35 IST" name="configAfterMethod" finished-at="2025-07-02T16:21:36 IST" duration-ms="991" status="PASS">
          <reporter-output>
          </reporter-output>
        </test-method> <!-- configAfterMethod -->
        <test-method is-config="true" signature="configBeforeMethod()[pri:0, instance:com.crm.comcast.productTest.CreateProductTest@7a8c8dcf]" started-at="2025-07-02T16:21:36 IST" name="configBeforeMethod" finished-at="2025-07-02T16:21:38 IST" duration-ms="1885" status="PASS">
          <reporter-output>
          </reporter-output>
        </test-method> <!-- configBeforeMethod -->
        <test-method signature="createProductWithCategoryTest()[pri:0, instance:com.crm.comcast.productTest.CreateProductTest@7a8c8dcf]" started-at="2025-07-02T16:21:38 IST" name="createProductWithCategoryTest" finished-at="2025-07-02T16:21:43 IST" duration-ms="4821" status="PASS">
          <reporter-output>
          </reporter-output>
        </test-method> <!-- createProductWithCategoryTest -->
        <test-method is-config="true" signature="configAfterMethod()[pri:0, instance:com.crm.comcast.productTest.CreateProductTest@7a8c8dcf]" started-at="2025-07-02T16:21:43 IST" name="configAfterMethod" finished-at="2025-07-02T16:21:44 IST" duration-ms="1215" status="PASS">
          <reporter-output>
          </reporter-output>
        </test-method> <!-- configAfterMethod -->
        <test-method is-config="true" signature="configAfterClass()[pri:0, instance:com.crm.comcast.productTest.CreateProductTest@7a8c8dcf]" started-at="2025-07-02T16:21:44 IST" name="configAfterClass" finished-at="2025-07-02T16:21:44 IST" duration-ms="219" status="PASS">
          <reporter-output>
          </reporter-output>
        </test-method> <!-- configAfterClass -->
      </class> <!-- com.crm.comcast.productTest.CreateProductTest -->
      <class name="com.crm.comcast.contactTest.CreateContactPageTest">
        <test-method is-config="true" signature="configBeforeClass()[pri:0, instance:com.crm.comcast.contactTest.CreateContactPageTest@24269709]" started-at="2025-07-02T16:21:44 IST" name="configBeforeClass" finished-at="2025-07-02T16:21:46 IST" duration-ms="1842" status="PASS">
          <reporter-output>
          </reporter-output>
        </test-method> <!-- configBeforeClass -->
        <test-method is-config="true" signature="configBeforeMethod()[pri:0, instance:com.crm.comcast.contactTest.CreateContactPageTest@24269709]" started-at="2025-07-02T16:21:46 IST" name="configBeforeMethod" finished-at="2025-07-02T16:21:50 IST" duration-ms="3579" status="PASS">
          <reporter-output>
          </reporter-output>
        </test-method> <!-- configBeforeMethod -->
        <test-method signature="createContactTest()[pri:0, instance:com.crm.comcast.contactTest.CreateContactPageTest@24269709]" started-at="2025-07-02T16:21:50 IST" name="createContactTest" finished-at="2025-07-02T16:21:57 IST" duration-ms="7072" status="PASS">
          <reporter-output>
          </reporter-output>
        </test-method> <!-- createContactTest -->
        <test-method is-config="true" signature="configAfterMethod()[pri:0, instance:com.crm.comcast.contactTest.CreateContactPageTest@24269709]" started-at="2025-07-02T16:21:57 IST" name="configAfterMethod" finished-at="2025-07-02T16:21:58 IST" duration-ms="957" status="PASS">
          <reporter-output>
          </reporter-output>
        </test-method> <!-- configAfterMethod -->
        <test-method is-config="true" signature="configBeforeMethod()[pri:0, instance:com.crm.comcast.contactTest.CreateContactPageTest@24269709]" started-at="2025-07-02T16:21:58 IST" name="configBeforeMethod" finished-at="2025-07-02T16:21:59 IST" duration-ms="828" status="PASS">
          <reporter-output>
          </reporter-output>
        </test-method> <!-- configBeforeMethod -->
        <test-method signature="createContactWithOrgTest()[pri:0, instance:com.crm.comcast.contactTest.CreateContactPageTest@24269709]" started-at="2025-07-02T16:21:59 IST" name="createContactWithOrgTest" finished-at="2025-07-02T16:22:20 IST" duration-ms="20994" status="PASS">
          <reporter-output>
          </reporter-output>
        </test-method> <!-- createContactWithOrgTest -->
        <test-method is-config="true" signature="configAfterMethod()[pri:0, instance:com.crm.comcast.contactTest.CreateContactPageTest@24269709]" started-at="2025-07-02T16:22:20 IST" name="configAfterMethod" finished-at="2025-07-02T16:22:21 IST" duration-ms="956" status="PASS">
          <reporter-output>
          </reporter-output>
        </test-method> <!-- configAfterMethod -->
        <test-method is-config="true" signature="configBeforeMethod()[pri:0, instance:com.crm.comcast.contactTest.CreateContactPageTest@24269709]" started-at="2025-07-02T16:22:21 IST" name="configBeforeMethod" finished-at="2025-07-02T16:22:22 IST" duration-ms="1517" status="PASS">
          <reporter-output>
          </reporter-output>
        </test-method> <!-- configBeforeMethod -->
        <test-method signature="createContactWithSupportDateTest()[pri:0, instance:com.crm.comcast.contactTest.CreateContactPageTest@24269709]" started-at="2025-07-02T16:22:22 IST" name="createContactWithSupportDateTest" finished-at="2025-07-02T16:22:27 IST" duration-ms="5324" status="PASS">
          <reporter-output>
          </reporter-output>
        </test-method> <!-- createContactWithSupportDateTest -->
        <test-method is-config="true" signature="configAfterMethod()[pri:0, instance:com.crm.comcast.contactTest.CreateContactPageTest@24269709]" started-at="2025-07-02T16:22:27 IST" name="configAfterMethod" finished-at="2025-07-02T16:22:28 IST" duration-ms="927" status="PASS">
          <reporter-output>
          </reporter-output>
        </test-method> <!-- configAfterMethod -->
        <test-method is-config="true" signature="configAfterClass()[pri:0, instance:com.crm.comcast.contactTest.CreateContactPageTest@24269709]" started-at="2025-07-02T16:22:28 IST" name="configAfterClass" finished-at="2025-07-02T16:22:29 IST" duration-ms="251" status="PASS">
          <reporter-output>
          </reporter-output>
        </test-method> <!-- configAfterClass -->
      </class> <!-- com.crm.comcast.contactTest.CreateContactPageTest -->
      <class name="com.crm.comcast.orgTest.CreateOrgTest">
        <test-method is-config="true" signature="configBeforeSuite()[pri:0, instance:com.crm.comcast.orgTest.CreateOrgTest@ba2f4ec]" started-at="2025-07-02T16:20:42 IST" name="configBeforeSuite" finished-at="2025-07-02T16:20:44 IST" duration-ms="1883" status="PASS">
          <reporter-output>
          </reporter-output>
        </test-method> <!-- configBeforeSuite -->
        <test-method is-config="true" signature="configBeforeClass()[pri:0, instance:com.crm.comcast.orgTest.CreateOrgTest@ba2f4ec]" started-at="2025-07-02T16:20:44 IST" name="configBeforeClass" finished-at="2025-07-02T16:20:46 IST" duration-ms="1884" status="PASS">
          <reporter-output>
          </reporter-output>
        </test-method> <!-- configBeforeClass -->
        <test-method is-config="true" signature="configBeforeMethod()[pri:0, instance:com.crm.comcast.orgTest.CreateOrgTest@ba2f4ec]" started-at="2025-07-02T16:20:46 IST" name="configBeforeMethod" finished-at="2025-07-02T16:20:50 IST" duration-ms="3539" status="PASS">
          <reporter-output>
          </reporter-output>
        </test-method> <!-- configBeforeMethod -->
        <test-method signature="createOrganizationTest()[pri:0, instance:com.crm.comcast.orgTest.CreateOrgTest@ba2f4ec]" started-at="2025-07-02T16:20:50 IST" name="createOrganizationTest" finished-at="2025-07-02T16:20:56 IST" duration-ms="6060" status="PASS">
          <reporter-output>
          </reporter-output>
        </test-method> <!-- createOrganizationTest -->
        <test-method is-config="true" signature="configAfterMethod()[pri:0, instance:com.crm.comcast.orgTest.CreateOrgTest@ba2f4ec]" started-at="2025-07-02T16:20:56 IST" name="configAfterMethod" finished-at="2025-07-02T16:20:57 IST" duration-ms="966" status="PASS">
          <reporter-output>
          </reporter-output>
        </test-method> <!-- configAfterMethod -->
        <test-method is-config="true" signature="configBeforeMethod()[pri:0, instance:com.crm.comcast.orgTest.CreateOrgTest@ba2f4ec]" started-at="2025-07-02T16:20:57 IST" name="configBeforeMethod" finished-at="2025-07-02T16:20:58 IST" duration-ms="849" status="PASS">
          <reporter-output>
          </reporter-output>
        </test-method> <!-- configBeforeMethod -->
        <test-method signature="createOrganizationWithIndustry()[pri:0, instance:com.crm.comcast.orgTest.CreateOrgTest@ba2f4ec]" started-at="2025-07-02T16:20:58 IST" name="createOrganizationWithIndustry" finished-at="2025-07-02T16:21:05 IST" duration-ms="7127" status="PASS">
          <reporter-output>
          </reporter-output>
        </test-method> <!-- createOrganizationWithIndustry -->
        <test-method is-config="true" signature="configAfterMethod()[pri:0, instance:com.crm.comcast.orgTest.CreateOrgTest@ba2f4ec]" started-at="2025-07-02T16:21:05 IST" name="configAfterMethod" finished-at="2025-07-02T16:21:06 IST" duration-ms="1101" status="PASS">
          <reporter-output>
          </reporter-output>
        </test-method> <!-- configAfterMethod -->
        <test-method is-config="true" signature="configBeforeMethod()[pri:0, instance:com.crm.comcast.orgTest.CreateOrgTest@ba2f4ec]" started-at="2025-07-02T16:21:06 IST" name="configBeforeMethod" finished-at="2025-07-02T16:21:08 IST" duration-ms="2240" status="PASS">
          <reporter-output>
          </reporter-output>
        </test-method> <!-- configBeforeMethod -->
        <test-method signature="createOrganizationWithPhoneNumber()[pri:0, instance:com.crm.comcast.orgTest.CreateOrgTest@ba2f4ec]" started-at="2025-07-02T16:21:08 IST" name="createOrganizationWithPhoneNumber" finished-at="2025-07-02T16:21:14 IST" duration-ms="5395" status="PASS">
          <reporter-output>
          </reporter-output>
        </test-method> <!-- createOrganizationWithPhoneNumber -->
        <test-method is-config="true" signature="configAfterMethod()[pri:0, instance:com.crm.comcast.orgTest.CreateOrgTest@ba2f4ec]" started-at="2025-07-02T16:21:14 IST" name="configAfterMethod" finished-at="2025-07-02T16:21:15 IST" duration-ms="968" status="PASS">
          <reporter-output>
          </reporter-output>
        </test-method> <!-- configAfterMethod -->
        <test-method is-config="true" signature="configAfterClass()[pri:0, instance:com.crm.comcast.orgTest.CreateOrgTest@ba2f4ec]" started-at="2025-07-02T16:21:15 IST" name="configAfterClass" finished-at="2025-07-02T16:21:15 IST" duration-ms="270" status="PASS">
          <reporter-output>
          </reporter-output>
        </test-method> <!-- configAfterClass -->
        <test-method is-config="true" signature="configAfterSuite()[pri:0, instance:com.crm.comcast.orgTest.CreateOrgTest@ba2f4ec]" started-at="2025-07-02T16:22:40 IST" name="configAfterSuite" finished-at="2025-07-02T16:22:40 IST" duration-ms="5" status="PASS">
          <reporter-output>
          </reporter-output>
        </test-method> <!-- configAfterSuite -->
      </class> <!-- com.crm.comcast.orgTest.CreateOrgTest -->
    </test> <!-- Test -->
  </suite> <!-- Suite -->
</testng-results>
