<?xml version="1.0" encoding="UTF-8"?>
<testng-results ignored="0" total="10" passed="10" failed="0" skipped="0">
  <reporter-output>
  </reporter-output>
  <suite started-at="2025-07-16T13:17:31 IST" name="Suite" finished-at="2025-07-16T13:20:09 IST" duration-ms="157283">
    <groups>
      <group name="Regression">
        <method signature="CreateContactPageTest.createContactWithOrgTest()[pri:0, instance:com.crm.comcast.contactTest.CreateContactPageTest@1dac5ef]" name="createContactWithOrgTest" class="com.crm.comcast.contactTest.CreateContactPageTest"/>
      </group> <!-- Regression -->
      <group name="RegressionTest">
        <method signature="CreateContactPageTest.createContactWithSupportDateTest()[pri:0, instance:com.crm.comcast.contactTest.CreateContactPageTest@1dac5ef]" name="createContactWithSupportDateTest" class="com.crm.comcast.contactTest.CreateContactPageTest"/>
        <method signature="CreateOrgTest.createOrganizationWithIndustry()[pri:0, instance:com.crm.comcast.orgTest.CreateOrgTest@ed7f8b4]" name="createOrganizationWithIndustry" class="com.crm.comcast.orgTest.CreateOrgTest"/>
        <method signature="CreateOrgTest.createOrganizationWithPhoneNumber()[pri:0, instance:com.crm.comcast.orgTest.CreateOrgTest@ed7f8b4]" name="createOrganizationWithPhoneNumber" class="com.crm.comcast.orgTest.CreateOrgTest"/>
        <method signature="CreateProductTest.createProductWithCategoryAndManufTest()[pri:0, instance:com.crm.comcast.productTest.CreateProductTest@77f80c04]" name="createProductWithCategoryAndManufTest" class="com.crm.comcast.productTest.CreateProductTest"/>
        <method signature="CreateProductTest.createProductWithCategoryTest()[pri:0, instance:com.crm.comcast.productTest.CreateProductTest@77f80c04]" name="createProductWithCategoryTest" class="com.crm.comcast.productTest.CreateProductTest"/>
      </group> <!-- RegressionTest -->
      <group name="smokeTest">
        <method signature="CreateContactPageTest.createContactTest()[pri:0, instance:com.crm.comcast.contactTest.CreateContactPageTest@1dac5ef]" name="createContactTest" class="com.crm.comcast.contactTest.CreateContactPageTest"/>
        <method signature="CreateLeadTest.createLeadTest()[pri:0, instance:com.crm.comcast.leadTest.CreateLeadTest@5c90e579]" name="createLeadTest" class="com.crm.comcast.leadTest.CreateLeadTest"/>
        <method signature="CreateOrgTest.createOrganizationTest()[pri:0, instance:com.crm.comcast.orgTest.CreateOrgTest@ed7f8b4]" name="createOrganizationTest" class="com.crm.comcast.orgTest.CreateOrgTest"/>
        <method signature="CreateProductTest.createProductTest()[pri:0, instance:com.crm.comcast.productTest.CreateProductTest@77f80c04]" name="createProductTest" class="com.crm.comcast.productTest.CreateProductTest"/>
        <method signature="CreateProductTest.createProductWithCategoryAndManufTest()[pri:0, instance:com.crm.comcast.productTest.CreateProductTest@77f80c04]" name="createProductWithCategoryAndManufTest" class="com.crm.comcast.productTest.CreateProductTest"/>
        <method signature="CreateProductTest.createProductWithCategoryTest()[pri:0, instance:com.crm.comcast.productTest.CreateProductTest@77f80c04]" name="createProductWithCategoryTest" class="com.crm.comcast.productTest.CreateProductTest"/>
      </group> <!-- smokeTest -->
    </groups>
    <test started-at="2025-07-16T13:17:31 IST" name="Test" finished-at="2025-07-16T13:20:09 IST" duration-ms="157283">
      <class name="com.crm.comcast.leadTest.CreateLeadTest">
        <test-method is-config="true" signature="configBeforeClass()[pri:0, instance:com.crm.comcast.leadTest.CreateLeadTest@5c90e579]" started-at="2025-07-16T13:19:58 IST" name="configBeforeClass" finished-at="2025-07-16T13:19:59 IST" duration-ms="1220" status="PASS">
          <reporter-output>
          </reporter-output>
        </test-method> <!-- configBeforeClass -->
        <test-method is-config="true" signature="configBeforeMethod()[pri:0, instance:com.crm.comcast.leadTest.CreateLeadTest@5c90e579]" started-at="2025-07-16T13:19:59 IST" name="configBeforeMethod" finished-at="2025-07-16T13:20:02 IST" duration-ms="3239" status="PASS">
          <reporter-output>
          </reporter-output>
        </test-method> <!-- configBeforeMethod -->
        <test-method signature="createLeadTest()[pri:0, instance:com.crm.comcast.leadTest.CreateLeadTest@5c90e579]" started-at="2025-07-16T13:20:02 IST" name="createLeadTest" finished-at="2025-07-16T13:20:08 IST" duration-ms="5355" status="PASS">
          <reporter-output>
          </reporter-output>
        </test-method> <!-- createLeadTest -->
        <test-method is-config="true" signature="configAfterMethod()[pri:0, instance:com.crm.comcast.leadTest.CreateLeadTest@5c90e579]" started-at="2025-07-16T13:20:08 IST" name="configAfterMethod" finished-at="2025-07-16T13:20:08 IST" duration-ms="944" status="PASS">
          <reporter-output>
          </reporter-output>
        </test-method> <!-- configAfterMethod -->
        <test-method is-config="true" signature="configAfterClass()[pri:0, instance:com.crm.comcast.leadTest.CreateLeadTest@5c90e579]" started-at="2025-07-16T13:20:08 IST" name="configAfterClass" finished-at="2025-07-16T13:20:09 IST" duration-ms="266" status="PASS">
          <reporter-output>
          </reporter-output>
        </test-method> <!-- configAfterClass -->
      </class> <!-- com.crm.comcast.leadTest.CreateLeadTest -->
      <class name="com.crm.comcast.productTest.CreateProductTest">
        <test-method is-config="true" signature="configBeforeClass()[pri:0, instance:com.crm.comcast.productTest.CreateProductTest@77f80c04]" started-at="2025-07-16T13:18:43 IST" name="configBeforeClass" finished-at="2025-07-16T13:18:45 IST" duration-ms="1582" status="PASS">
          <reporter-output>
          </reporter-output>
        </test-method> <!-- configBeforeClass -->
        <test-method is-config="true" signature="configBeforeMethod()[pri:0, instance:com.crm.comcast.productTest.CreateProductTest@77f80c04]" started-at="2025-07-16T13:18:45 IST" name="configBeforeMethod" finished-at="2025-07-16T13:18:48 IST" duration-ms="3380" status="PASS">
          <reporter-output>
          </reporter-output>
        </test-method> <!-- configBeforeMethod -->
        <test-method signature="createProductTest()[pri:0, instance:com.crm.comcast.productTest.CreateProductTest@77f80c04]" started-at="2025-07-16T13:18:48 IST" name="createProductTest" finished-at="2025-07-16T13:18:54 IST" duration-ms="5731" status="PASS">
          <reporter-output>
          </reporter-output>
        </test-method> <!-- createProductTest -->
        <test-method is-config="true" signature="configAfterMethod()[pri:0, instance:com.crm.comcast.productTest.CreateProductTest@77f80c04]" started-at="2025-07-16T13:18:54 IST" name="configAfterMethod" finished-at="2025-07-16T13:18:55 IST" duration-ms="878" status="PASS">
          <reporter-output>
          </reporter-output>
        </test-method> <!-- configAfterMethod -->
        <test-method is-config="true" signature="configBeforeMethod()[pri:0, instance:com.crm.comcast.productTest.CreateProductTest@77f80c04]" started-at="2025-07-16T13:18:55 IST" name="configBeforeMethod" finished-at="2025-07-16T13:18:56 IST" duration-ms="1593" status="PASS">
          <reporter-output>
          </reporter-output>
        </test-method> <!-- configBeforeMethod -->
        <test-method signature="createProductWithCategoryAndManufTest()[pri:0, instance:com.crm.comcast.productTest.CreateProductTest@77f80c04]" started-at="2025-07-16T13:18:56 IST" name="createProductWithCategoryAndManufTest" finished-at="2025-07-16T13:19:04 IST" duration-ms="7370" status="PASS">
          <reporter-output>
          </reporter-output>
        </test-method> <!-- createProductWithCategoryAndManufTest -->
        <test-method is-config="true" signature="configAfterMethod()[pri:0, instance:com.crm.comcast.productTest.CreateProductTest@77f80c04]" started-at="2025-07-16T13:19:04 IST" name="configAfterMethod" finished-at="2025-07-16T13:19:05 IST" duration-ms="1020" status="PASS">
          <reporter-output>
          </reporter-output>
        </test-method> <!-- configAfterMethod -->
        <test-method is-config="true" signature="configBeforeMethod()[pri:0, instance:com.crm.comcast.productTest.CreateProductTest@77f80c04]" started-at="2025-07-16T13:19:05 IST" name="configBeforeMethod" finished-at="2025-07-16T13:19:07 IST" duration-ms="1807" status="PASS">
          <reporter-output>
          </reporter-output>
        </test-method> <!-- configBeforeMethod -->
        <test-method signature="createProductWithCategoryTest()[pri:0, instance:com.crm.comcast.productTest.CreateProductTest@77f80c04]" started-at="2025-07-16T13:19:07 IST" name="createProductWithCategoryTest" finished-at="2025-07-16T13:19:11 IST" duration-ms="4659" status="PASS">
          <reporter-output>
          </reporter-output>
        </test-method> <!-- createProductWithCategoryTest -->
        <test-method is-config="true" signature="configAfterMethod()[pri:0, instance:com.crm.comcast.productTest.CreateProductTest@77f80c04]" started-at="2025-07-16T13:19:11 IST" name="configAfterMethod" finished-at="2025-07-16T13:19:12 IST" duration-ms="810" status="PASS">
          <reporter-output>
          </reporter-output>
        </test-method> <!-- configAfterMethod -->
        <test-method is-config="true" signature="configAfterClass()[pri:0, instance:com.crm.comcast.productTest.CreateProductTest@77f80c04]" started-at="2025-07-16T13:19:12 IST" name="configAfterClass" finished-at="2025-07-16T13:19:12 IST" duration-ms="255" status="PASS">
          <reporter-output>
          </reporter-output>
        </test-method> <!-- configAfterClass -->
      </class> <!-- com.crm.comcast.productTest.CreateProductTest -->
      <class name="com.crm.comcast.contactTest.CreateContactPageTest">
        <test-method is-config="true" signature="configBeforeClass()[pri:0, instance:com.crm.comcast.contactTest.CreateContactPageTest@1dac5ef]" started-at="2025-07-16T13:19:12 IST" name="configBeforeClass" finished-at="2025-07-16T13:19:14 IST" duration-ms="1728" status="PASS">
          <reporter-output>
          </reporter-output>
        </test-method> <!-- configBeforeClass -->
        <test-method is-config="true" signature="configBeforeMethod()[pri:0, instance:com.crm.comcast.contactTest.CreateContactPageTest@1dac5ef]" started-at="2025-07-16T13:19:14 IST" name="configBeforeMethod" finished-at="2025-07-16T13:19:18 IST" duration-ms="3648" status="PASS">
          <reporter-output>
          </reporter-output>
        </test-method> <!-- configBeforeMethod -->
        <test-method signature="createContactTest()[pri:0, instance:com.crm.comcast.contactTest.CreateContactPageTest@1dac5ef]" started-at="2025-07-16T13:19:18 IST" name="createContactTest" finished-at="2025-07-16T13:19:26 IST" duration-ms="7850" status="PASS">
          <reporter-output>
          </reporter-output>
        </test-method> <!-- createContactTest -->
        <test-method is-config="true" signature="configAfterMethod()[pri:0, instance:com.crm.comcast.contactTest.CreateContactPageTest@1dac5ef]" started-at="2025-07-16T13:19:26 IST" name="configAfterMethod" finished-at="2025-07-16T13:19:27 IST" duration-ms="1039" status="PASS">
          <reporter-output>
          </reporter-output>
        </test-method> <!-- configAfterMethod -->
        <test-method is-config="true" signature="configBeforeMethod()[pri:0, instance:com.crm.comcast.contactTest.CreateContactPageTest@1dac5ef]" started-at="2025-07-16T13:19:27 IST" name="configBeforeMethod" finished-at="2025-07-16T13:19:27 IST" duration-ms="786" status="PASS">
          <reporter-output>
          </reporter-output>
        </test-method> <!-- configBeforeMethod -->
        <test-method signature="createContactWithOrgTest()[pri:0, instance:com.crm.comcast.contactTest.CreateContactPageTest@1dac5ef]" started-at="2025-07-16T13:19:27 IST" name="createContactWithOrgTest" finished-at="2025-07-16T13:19:48 IST" duration-ms="20284" status="PASS">
          <reporter-output>
          </reporter-output>
        </test-method> <!-- createContactWithOrgTest -->
        <test-method is-config="true" signature="configAfterMethod()[pri:0, instance:com.crm.comcast.contactTest.CreateContactPageTest@1dac5ef]" started-at="2025-07-16T13:19:48 IST" name="configAfterMethod" finished-at="2025-07-16T13:19:49 IST" duration-ms="1039" status="PASS">
          <reporter-output>
          </reporter-output>
        </test-method> <!-- configAfterMethod -->
        <test-method is-config="true" signature="configBeforeMethod()[pri:0, instance:com.crm.comcast.contactTest.CreateContactPageTest@1dac5ef]" started-at="2025-07-16T13:19:49 IST" name="configBeforeMethod" finished-at="2025-07-16T13:19:51 IST" duration-ms="1793" status="PASS">
          <reporter-output>
          </reporter-output>
        </test-method> <!-- configBeforeMethod -->
        <test-method signature="createContactWithSupportDateTest()[pri:0, instance:com.crm.comcast.contactTest.CreateContactPageTest@1dac5ef]" started-at="2025-07-16T13:19:51 IST" name="createContactWithSupportDateTest" finished-at="2025-07-16T13:19:56 IST" duration-ms="5640" status="PASS">
          <reporter-output>
          </reporter-output>
        </test-method> <!-- createContactWithSupportDateTest -->
        <test-method is-config="true" signature="configAfterMethod()[pri:0, instance:com.crm.comcast.contactTest.CreateContactPageTest@1dac5ef]" started-at="2025-07-16T13:19:56 IST" name="configAfterMethod" finished-at="2025-07-16T13:19:57 IST" duration-ms="1218" status="PASS">
          <reporter-output>
          </reporter-output>
        </test-method> <!-- configAfterMethod -->
        <test-method is-config="true" signature="configAfterClass()[pri:0, instance:com.crm.comcast.contactTest.CreateContactPageTest@1dac5ef]" started-at="2025-07-16T13:19:57 IST" name="configAfterClass" finished-at="2025-07-16T13:19:58 IST" duration-ms="263" status="PASS">
          <reporter-output>
          </reporter-output>
        </test-method> <!-- configAfterClass -->
      </class> <!-- com.crm.comcast.contactTest.CreateContactPageTest -->
      <class name="com.crm.comcast.orgTest.CreateOrgTest">
        <test-method is-config="true" signature="configBeforeSuite()[pri:0, instance:com.crm.comcast.orgTest.CreateOrgTest@ed7f8b4]" started-at="2025-07-16T13:17:30 IST" name="configBeforeSuite" finished-at="2025-07-16T13:17:31 IST" duration-ms="1325" status="PASS">
          <reporter-output>
          </reporter-output>
        </test-method> <!-- configBeforeSuite -->
        <test-method is-config="true" signature="configBeforeClass()[pri:0, instance:com.crm.comcast.orgTest.CreateOrgTest@ed7f8b4]" started-at="2025-07-16T13:17:32 IST" name="configBeforeClass" finished-at="2025-07-16T13:17:37 IST" duration-ms="5638" status="PASS">
          <reporter-output>
          </reporter-output>
        </test-method> <!-- configBeforeClass -->
        <test-method is-config="true" signature="configBeforeMethod()[pri:0, instance:com.crm.comcast.orgTest.CreateOrgTest@ed7f8b4]" started-at="2025-07-16T13:17:37 IST" name="configBeforeMethod" finished-at="2025-07-16T13:17:41 IST" duration-ms="3681" status="PASS">
          <reporter-output>
          </reporter-output>
        </test-method> <!-- configBeforeMethod -->
        <test-method signature="createOrganizationTest()[pri:0, instance:com.crm.comcast.orgTest.CreateOrgTest@ed7f8b4]" started-at="2025-07-16T13:17:41 IST" name="createOrganizationTest" finished-at="2025-07-16T13:18:25 IST" duration-ms="44027" status="PASS">
          <reporter-output>
          </reporter-output>
        </test-method> <!-- createOrganizationTest -->
        <test-method is-config="true" signature="configAfterMethod()[pri:0, instance:com.crm.comcast.orgTest.CreateOrgTest@ed7f8b4]" started-at="2025-07-16T13:18:25 IST" name="configAfterMethod" finished-at="2025-07-16T13:18:26 IST" duration-ms="1210" status="PASS">
          <reporter-output>
          </reporter-output>
        </test-method> <!-- configAfterMethod -->
        <test-method is-config="true" signature="configBeforeMethod()[pri:0, instance:com.crm.comcast.orgTest.CreateOrgTest@ed7f8b4]" started-at="2025-07-16T13:18:26 IST" name="configBeforeMethod" finished-at="2025-07-16T13:18:27 IST" duration-ms="688" status="PASS">
          <reporter-output>
          </reporter-output>
        </test-method> <!-- configBeforeMethod -->
        <test-method signature="createOrganizationWithIndustry()[pri:0, instance:com.crm.comcast.orgTest.CreateOrgTest@ed7f8b4]" started-at="2025-07-16T13:18:27 IST" name="createOrganizationWithIndustry" finished-at="2025-07-16T13:18:34 IST" duration-ms="7319" status="PASS">
          <reporter-output>
          </reporter-output>
        </test-method> <!-- createOrganizationWithIndustry -->
        <test-method is-config="true" signature="configAfterMethod()[pri:0, instance:com.crm.comcast.orgTest.CreateOrgTest@ed7f8b4]" started-at="2025-07-16T13:18:34 IST" name="configAfterMethod" finished-at="2025-07-16T13:18:35 IST" duration-ms="909" status="PASS">
          <reporter-output>
          </reporter-output>
        </test-method> <!-- configAfterMethod -->
        <test-method is-config="true" signature="configBeforeMethod()[pri:0, instance:com.crm.comcast.orgTest.CreateOrgTest@ed7f8b4]" started-at="2025-07-16T13:18:35 IST" name="configBeforeMethod" finished-at="2025-07-16T13:18:37 IST" duration-ms="1635" status="PASS">
          <reporter-output>
          </reporter-output>
        </test-method> <!-- configBeforeMethod -->
        <test-method signature="createOrganizationWithPhoneNumber()[pri:0, instance:com.crm.comcast.orgTest.CreateOrgTest@ed7f8b4]" started-at="2025-07-16T13:18:37 IST" name="createOrganizationWithPhoneNumber" finished-at="2025-07-16T13:18:42 IST" duration-ms="5377" status="PASS">
          <reporter-output>
          </reporter-output>
        </test-method> <!-- createOrganizationWithPhoneNumber -->
        <test-method is-config="true" signature="configAfterMethod()[pri:0, instance:com.crm.comcast.orgTest.CreateOrgTest@ed7f8b4]" started-at="2025-07-16T13:18:42 IST" name="configAfterMethod" finished-at="2025-07-16T13:18:43 IST" duration-ms="985" status="PASS">
          <reporter-output>
          </reporter-output>
        </test-method> <!-- configAfterMethod -->
        <test-method is-config="true" signature="configAfterClass()[pri:0, instance:com.crm.comcast.orgTest.CreateOrgTest@ed7f8b4]" started-at="2025-07-16T13:18:43 IST" name="configAfterClass" finished-at="2025-07-16T13:18:43 IST" duration-ms="222" status="PASS">
          <reporter-output>
          </reporter-output>
        </test-method> <!-- configAfterClass -->
        <test-method is-config="true" signature="configAfterSuite()[pri:0, instance:com.crm.comcast.orgTest.CreateOrgTest@ed7f8b4]" started-at="2025-07-16T13:20:09 IST" name="configAfterSuite" finished-at="2025-07-16T13:20:09 IST" duration-ms="5" status="PASS">
          <reporter-output>
          </reporter-output>
        </test-method> <!-- configAfterSuite -->
      </class> <!-- com.crm.comcast.orgTest.CreateOrgTest -->
    </test> <!-- Test -->
  </suite> <!-- Suite -->
</testng-results>
